  [4;36;1mSQL (0.1ms)[0m   [0;1mSET NAMES 'utf8'[0m
  [4;35;1mSQL (0.0ms)[0m   [0mSET SQL_AUTO_IS_NULL=0[0m
  [4;36;1mSQL (0.1ms)[0m   [0;1mSHOW TABLES[0m
  [4;35;1mSQL (81.7ms)[0m   [0mCREATE TABLE `schema_migrations` (`version` varchar(255) NOT NULL) ENGINE=InnoDB[0m
  [4;36;1mSQL (159.5ms)[0m   [0;1mCREATE UNIQUE INDEX `unique_schema_migrations` ON `schema_migrations` (`version`)[0m
  [4;35;1mSQL (0.2ms)[0m   [0mSHOW TABLES[0m
  [4;36;1mSQL (0.1ms)[0m   [0;1mSELECT version FROM schema_migrations[0m
Migrating to CreateUsers (20090909082027)
  [4;35;1mSQL (63.9ms)[0m   [0mCREATE TABLE `users` (`id` int(11) DEFAULT NULL auto_increment PRIMARY KEY, `name` varchar(255), `password_hash` varchar(255), `salt` varchar(255), `participates` varchar(255), `created_at` datetime, `updated_at` datetime) ENGINE=InnoDB[0m
  [4;36;1mSQL (33.1ms)[0m   [0;1mINSERT INTO schema_migrations (version) VALUES ('20090909082027')[0m
Migrating to CreateComments (20090909082250)
  [4;35;1mSQL (56.4ms)[0m   [0mCREATE TABLE `comments` (`id` int(11) DEFAULT NULL auto_increment PRIMARY KEY, `text` text, `submitted_id` int(11), `target_it` int(11), `created_at` datetime, `updated_at` datetime) ENGINE=InnoDB[0m
  [4;36;1mSQL (33.1ms)[0m   [0;1mINSERT INTO schema_migrations (version) VALUES ('20090909082250')[0m
  [4;35;1mSQL (0.3ms)[0m   [0mSHOW TABLES[0m
  [4;36;1mSQL (0.2ms)[0m   [0;1mSELECT version FROM schema_migrations[0m
  [4;35;1mSQL (0.1ms)[0m   [0mSHOW TABLES[0m
  [4;36;1mSQL (0.6ms)[0m   [0;1mSHOW FIELDS FROM `comments`[0m
  [4;35;1mSQL (0.4ms)[0m   [0mdescribe `comments`[0m
  [4;36;1mSQL (0.1ms)[0m   [0;1mSHOW KEYS FROM `comments`[0m
  [4;35;1mSQL (0.4ms)[0m   [0mSHOW FIELDS FROM `users`[0m
  [4;36;1mSQL (0.4ms)[0m   [0;1mdescribe `users`[0m
  [4;35;1mSQL (0.1ms)[0m   [0mSHOW KEYS FROM `users`[0m
  [4;36;1mSQL (0.1ms)[0m   [0;1mSET NAMES 'utf8'[0m
  [4;35;1mSQL (0.0ms)[0m   [0mSET SQL_AUTO_IS_NULL=0[0m
  [4;36;1mSQL (0.1ms)[0m   [0;1mSHOW TABLES[0m
  [4;35;1mSQL (0.0ms)[0m   [0mSELECT version FROM schema_migrations[0m
Migrating to CreateUsers (20090909082027)
Migrating to CreateComments (20090909082250)
  [4;36;1mSQL (0.1ms)[0m   [0;1mSHOW TABLES[0m
  [4;35;1mSQL (0.0ms)[0m   [0mSELECT version FROM schema_migrations[0m
  [4;36;1mSQL (0.1ms)[0m   [0;1mSHOW TABLES[0m
  [4;35;1mSQL (0.5ms)[0m   [0mSHOW FIELDS FROM `comments`[0m
  [4;36;1mSQL (0.3ms)[0m   [0;1mdescribe `comments`[0m
  [4;35;1mSQL (0.1ms)[0m   [0mSHOW KEYS FROM `comments`[0m
  [4;36;1mSQL (0.4ms)[0m   [0;1mSHOW FIELDS FROM `users`[0m
  [4;35;1mSQL (0.4ms)[0m   [0mdescribe `users`[0m
  [4;36;1mSQL (0.1ms)[0m   [0;1mSHOW KEYS FROM `users`[0m
  [4;36;1mSQL (0.1ms)[0m   [0;1mSET NAMES 'utf8'[0m
  [4;35;1mSQL (0.0ms)[0m   [0mSET SQL_AUTO_IS_NULL=0[0m


Processing ApplicationController#index (for 127.0.0.1 at 2009-09-14 15:25:24) [GET]

ActionController::RoutingError (No route matches "/User" with {:method=>:get}):
  /usr/lib/ruby/1.8/webrick/httpserver.rb:104:in `service'
  /usr/lib/ruby/1.8/webrick/httpserver.rb:65:in `run'
  /usr/lib/ruby/1.8/webrick/server.rb:173:in `start_thread'
  /usr/lib/ruby/1.8/webrick/server.rb:162:in `start'
  /usr/lib/ruby/1.8/webrick/server.rb:162:in `start_thread'
  /usr/lib/ruby/1.8/webrick/server.rb:95:in `start'
  /usr/lib/ruby/1.8/webrick/server.rb:92:in `each'
  /usr/lib/ruby/1.8/webrick/server.rb:92:in `start'
  /usr/lib/ruby/1.8/webrick/server.rb:23:in `start'
  /usr/lib/ruby/1.8/webrick/server.rb:82:in `start'

Rendering rescues/layout (not_found)
  [4;36;1mSQL (0.1ms)[0m   [0;1mSET NAMES 'utf8'[0m
  [4;35;1mSQL (0.0ms)[0m   [0mSET SQL_AUTO_IS_NULL=0[0m


Processing UsersController#index (for 127.0.0.1 at 2009-09-14 15:25:28) [GET]
  [4;36;1mUser Load (82.6ms)[0m   [0;1mSELECT * FROM `users` [0m
Rendering template within layouts/users
Rendering users/index
Completed in 125ms (View: 37, DB: 83) | 200 OK [http://localhost/Users]
  [4;36;1mSQL (0.1ms)[0m   [0;1mSET NAMES 'utf8'[0m
  [4;35;1mSQL (0.0ms)[0m   [0mSET SQL_AUTO_IS_NULL=0[0m
  [4;36;1mSQL (8.5ms)[0m   [0;1mSHOW TABLES[0m
  [4;35;1mSQL (0.1ms)[0m   [0mSELECT version FROM schema_migrations[0m
Migrating to CreateUsers (20090909082027)
Migrating to CreateComments (20090909082250)
Migrating to AddUsers (20090914123517)
  [4;36;1mUser Delete all (0.1ms)[0m   [0;1mDELETE FROM `users` [0m
  [4;35;1mUser Columns (17.0ms)[0m   [0mSHOW FIELDS FROM `users`[0m
  [4;36;1mSQL (0.1ms)[0m   [0;1mSET NAMES 'utf8'[0m
  [4;35;1mSQL (0.0ms)[0m   [0mSET SQL_AUTO_IS_NULL=0[0m
  [4;36;1mSQL (0.2ms)[0m   [0;1mSHOW TABLES[0m
  [4;35;1mSQL (0.0ms)[0m   [0mSELECT version FROM schema_migrations[0m
Migrating to CreateUsers (20090909082027)
Migrating to CreateComments (20090909082250)
Migrating to AddUsers (20090914123517)
  [4;36;1mUser Delete all (0.1ms)[0m   [0;1mDELETE FROM `users` [0m
  [4;35;1mUser Columns (0.5ms)[0m   [0mSHOW FIELDS FROM `users`[0m
  [4;36;1mSQL (0.1ms)[0m   [0;1mSET NAMES 'utf8'[0m
  [4;35;1mSQL (0.0ms)[0m   [0mSET SQL_AUTO_IS_NULL=0[0m
  [4;36;1mSQL (0.2ms)[0m   [0;1mSHOW TABLES[0m
  [4;35;1mSQL (0.1ms)[0m   [0mSELECT version FROM schema_migrations[0m
Migrating to CreateUsers (20090909082027)
Migrating to CreateComments (20090909082250)
Migrating to AddUsers (20090914123517)
  [4;36;1mUser Delete all (0.1ms)[0m   [0;1mDELETE FROM `users` [0m
  [4;35;1mUser Columns (0.5ms)[0m   [0mSHOW FIELDS FROM `users`[0m
  [4;36;1mSQL (0.1ms)[0m   [0;1mBEGIN[0m
  [4;35;1mSQL (0.0ms)[0m   [0mROLLBACK[0m
  [4;36;1mSQL (0.1ms)[0m   [0;1mSET NAMES 'utf8'[0m
  [4;35;1mSQL (0.0ms)[0m   [0mSET SQL_AUTO_IS_NULL=0[0m
  [4;36;1mSQL (0.1ms)[0m   [0;1mSHOW TABLES[0m
  [4;35;1mSQL (0.0ms)[0m   [0mSELECT version FROM schema_migrations[0m
Migrating to CreateUsers (20090909082027)
Migrating to CreateComments (20090909082250)
Migrating to AddUsers (20090914123517)
  [4;36;1mUser Delete all (0.1ms)[0m   [0;1mDELETE FROM `users` [0m
  [4;35;1mUser Columns (0.5ms)[0m   [0mSHOW FIELDS FROM `users`[0m
  [4;36;1mSQL (0.1ms)[0m   [0;1mBEGIN[0m
  [4;35;1mSQL (0.0ms)[0m   [0mROLLBACK[0m
  [4;36;1mSQL (0.1ms)[0m   [0;1mSET NAMES 'utf8'[0m
  [4;35;1mSQL (0.0ms)[0m   [0mSET SQL_AUTO_IS_NULL=0[0m
  [4;36;1mSQL (0.1ms)[0m   [0;1mSHOW TABLES[0m
  [4;35;1mSQL (0.0ms)[0m   [0mSELECT version FROM schema_migrations[0m
  [4;36;1mSQL (0.1ms)[0m   [0;1mSHOW TABLES[0m
  [4;35;1mSQL (0.0ms)[0m   [0mSELECT version FROM schema_migrations[0m
Migrating to CreateUsers (20090909082027)
Migrating to CreateComments (20090909082250)
Migrating to AddUsers (20090914123517)
  [4;36;1mUser Delete all (0.1ms)[0m   [0;1mDELETE FROM `users` [0m
  [4;35;1mUser Columns (0.5ms)[0m   [0mSHOW FIELDS FROM `users`[0m
  [4;36;1mSQL (0.1ms)[0m   [0;1mBEGIN[0m
  [4;35;1mSQL (0.0ms)[0m   [0mROLLBACK[0m
  [4;36;1mSQL (0.1ms)[0m   [0;1mSET NAMES 'utf8'[0m
  [4;35;1mSQL (0.0ms)[0m   [0mSET SQL_AUTO_IS_NULL=0[0m
  [4;36;1mSQL (0.1ms)[0m   [0;1mSHOW TABLES[0m
  [4;35;1mSQL (0.0ms)[0m   [0mSELECT version FROM schema_migrations[0m
Migrating to CreateUsers (20090909082027)
Migrating to CreateComments (20090909082250)
Migrating to AddUsers (20090914123517)
  [4;36;1mUser Delete all (0.1ms)[0m   [0;1mDELETE FROM `users` [0m
  [4;35;1mUser Columns (0.5ms)[0m   [0mSHOW FIELDS FROM `users`[0m
  [4;36;1mSQL (0.1ms)[0m   [0;1mBEGIN[0m
  [4;35;1mUser Load (21.9ms)[0m   [0mSELECT `users`.id FROM `users` WHERE (`users`.`name` = BINARY '×œ××™× ×’ ×‘×“×¨×›×™×') LIMIT 1[0m
  [4;36;1mUser Create (4.6ms)[0m   [0;1mINSERT INTO `users` (`name`, `salt`, `participates`, `created_at`, `updated_at`, `password_hash`) VALUES('×œ××™× ×’ ×‘×“×¨×›×™×', '-6097113480.673632959388007', NULL, '2009-09-14 12:48:17', '2009-09-14 12:48:17', 'e16b5fc8e87b3e8a051a93d3d4a3568cf753e3eb')[0m
  [4;35;1mSQL (49.6ms)[0m   [0mCOMMIT[0m
  [4;36;1mSQL (0.0ms)[0m   [0;1mBEGIN[0m
  [4;35;1mUser Load (0.2ms)[0m   [0mSELECT `users`.id FROM `users` WHERE (`users`.`name` = BINARY 'good_guy') LIMIT 1[0m
  [4;36;1mUser Create (0.1ms)[0m   [0;1mINSERT INTO `users` (`name`, `salt`, `participates`, `created_at`, `updated_at`, `password_hash`) VALUES('good_guy', '-6070028580.218406939705992', NULL, '2009-09-14 12:48:17', '2009-09-14 12:48:17', '822b3e460d91defaf42f3e23ba91f51984dd70ff')[0m
  [4;35;1mSQL (22.7ms)[0m   [0mCOMMIT[0m
  [4;36;1mSQL (0.0ms)[0m   [0;1mBEGIN[0m
  [4;35;1mUser Load (0.1ms)[0m   [0mSELECT `users`.id FROM `users` WHERE (`users`.`name` = BINARY 'bad_guy') LIMIT 1[0m
  [4;36;1mUser Create (0.1ms)[0m   [0;1mINSERT INTO `users` (`name`, `salt`, `participates`, `created_at`, `updated_at`, `password_hash`) VALUES('bad_guy', '-6070135580.178178194004306', NULL, '2009-09-14 12:48:17', '2009-09-14 12:48:17', '3de726c0db463516ff50f900e2f3e1d28a3489b8')[0m
  [4;35;1mSQL (23.0ms)[0m   [0mCOMMIT[0m
  [4;36;1mSQL (0.0ms)[0m   [0;1mBEGIN[0m
  [4;35;1mUser Load (0.1ms)[0m   [0mSELECT `users`.id FROM `users` WHERE (`users`.`name` = BINARY 'silly_guy') LIMIT 1[0m
  [4;36;1mUser Create (0.1ms)[0m   [0;1mINSERT INTO `users` (`name`, `salt`, `participates`, `created_at`, `updated_at`, `password_hash`) VALUES('silly_guy', '-6070397880.145063670116701', NULL, '2009-09-14 12:48:17', '2009-09-14 12:48:17', 'c33b595167d734c40cdca79601ad5f53f8104eb3')[0m
  [4;35;1mSQL (30.6ms)[0m   [0mCOMMIT[0m
  [4;36;1mSQL (0.0ms)[0m   [0;1mBEGIN[0m
  [4;35;1mUser Load (0.1ms)[0m   [0mSELECT `users`.id FROM `users` WHERE (`users`.`name` = BINARY 'boring_guy') LIMIT 1[0m
  [4;36;1mUser Create (0.1ms)[0m   [0;1mINSERT INTO `users` (`name`, `salt`, `participates`, `created_at`, `updated_at`, `password_hash`) VALUES('boring_guy', '-6070663180.185983383456153', NULL, '2009-09-14 12:48:17', '2009-09-14 12:48:17', '58c1afc9237c661fa080ab8aa544f85ec087b3b5')[0m
  [4;35;1mSQL (22.8ms)[0m   [0mCOMMIT[0m
  [4;36;1mSQL (33.9ms)[0m   [0;1mINSERT INTO schema_migrations (version) VALUES ('20090914123517')[0m
Migrating to AddComments (20090914123545)
  [4;35;1mComment Delete all (0.1ms)[0m   [0mDELETE FROM `comments` [0m
  [4;36;1mUser Load (0.2ms)[0m   [0;1mSELECT * FROM `users` [0m
  [4;35;1mComment Columns (0.5ms)[0m   [0mSHOW FIELDS FROM `comments`[0m
  [4;36;1mSQL (0.1ms)[0m   [0;1mBEGIN[0m
  [4;35;1mComment Create (0.2ms)[0m   [0mINSERT INTO `comments` (`submitted_id`, `created_at`, `updated_at`, `text`, `target_it`) VALUES(NULL, '2009-09-14 12:48:17', '2009-09-14 12:48:17', '×§×©×•×‘', NULL)[0m
  [4;36;1mSQL (21.1ms)[0m   [0;1mCOMMIT[0m
  [4;35;1mSQL (0.0ms)[0m   [0mBEGIN[0m
  [4;36;1mComment Create (0.1ms)[0m   [0;1mINSERT INTO `comments` (`submitted_id`, `created_at`, `updated_at`, `text`, `target_it`) VALUES(NULL, '2009-09-14 12:48:17', '2009-09-14 12:48:17', '×™×œ×“×•×ª×™', NULL)[0m
  [4;35;1mSQL (23.6ms)[0m   [0mCOMMIT[0m
  [4;36;1mSQL (0.0ms)[0m   [0;1mBEGIN[0m
  [4;35;1mComment Create (0.2ms)[0m   [0mINSERT INTO `comments` (`submitted_id`, `created_at`, `updated_at`, `text`, `target_it`) VALUES(NULL, '2009-09-14 12:48:17', '2009-09-14 12:48:17', '×¢×©×™×¨', NULL)[0m
  [4;36;1mSQL (23.3ms)[0m   [0;1mCOMMIT[0m
  [4;35;1mSQL (0.0ms)[0m   [0mBEGIN[0m
  [4;36;1mComment Create (0.1ms)[0m   [0;1mINSERT INTO `comments` (`submitted_id`, `created_at`, `updated_at`, `text`, `target_it`) VALUES(NULL, '2009-09-14 12:48:17', '2009-09-14 12:48:17', '××¢×¦×‘×Ÿ', NULL)[0m
  [4;35;1mSQL (23.4ms)[0m   [0mCOMMIT[0m
  [4;36;1mSQL (0.0ms)[0m   [0;1mBEGIN[0m
  [4;35;1mComment Create (0.2ms)[0m   [0mINSERT INTO `comments` (`submitted_id`, `created_at`, `updated_at`, `text`, `target_it`) VALUES(NULL, '2009-09-14 12:48:17', '2009-09-14 12:48:17', '××‘×¨×™×§', NULL)[0m
  [4;36;1mSQL (23.3ms)[0m   [0;1mCOMMIT[0m
  [4;35;1mSQL (0.0ms)[0m   [0mBEGIN[0m
  [4;36;1mComment Create (0.1ms)[0m   [0;1mINSERT INTO `comments` (`submitted_id`, `created_at`, `updated_at`, `text`, `target_it`) VALUES(NULL, '2009-09-14 12:48:17', '2009-09-14 12:48:17', '××ª× ×©×', NULL)[0m
  [4;35;1mSQL (23.6ms)[0m   [0mCOMMIT[0m
  [4;36;1mSQL (0.0ms)[0m   [0;1mBEGIN[0m
  [4;35;1mComment Create (0.1ms)[0m   [0mINSERT INTO `comments` (`submitted_id`, `created_at`, `updated_at`, `text`, `target_it`) VALUES(NULL, '2009-09-14 12:48:17', '2009-09-14 12:48:17', '× ××“ × ×¤×•×—', NULL)[0m
  [4;36;1mSQL (23.7ms)[0m   [0;1mCOMMIT[0m
  [4;35;1mSQL (0.0ms)[0m   [0mBEGIN[0m
  [4;36;1mComment Create (0.1ms)[0m   [0;1mINSERT INTO `comments` (`submitted_id`, `created_at`, `updated_at`, `text`, `target_it`) VALUES(NULL, '2009-09-14 12:48:17', '2009-09-14 12:48:17', '×‘×¢×œ ×—×©×™×‘×” ××§×•×¨×™×ª', NULL)[0m
  [4;35;1mSQL (23.6ms)[0m   [0mCOMMIT[0m
  [4;36;1mSQL (0.0ms)[0m   [0;1mBEGIN[0m
  [4;35;1mComment Create (0.1ms)[0m   [0mINSERT INTO `comments` (`submitted_id`, `created_at`, `updated_at`, `text`, `target_it`) VALUES(NULL, '2009-09-14 12:48:17', '2009-09-14 12:48:17', '×§×©×•×‘', NULL)[0m
  [4;36;1mSQL (48.6ms)[0m   [0;1mCOMMIT[0m
  [4;35;1mSQL (0.0ms)[0m   [0mBEGIN[0m
  [4;36;1mComment Create (0.2ms)[0m   [0;1mINSERT INTO `comments` (`submitted_id`, `created_at`, `updated_at`, `text`, `target_it`) VALUES(NULL, '2009-09-14 12:48:17', '2009-09-14 12:48:17', '××¦×—×™×§', NULL)[0m
  [4;35;1mSQL (23.5ms)[0m   [0mCOMMIT[0m
  [4;36;1mSQL (0.0ms)[0m   [0;1mBEGIN[0m
  [4;35;1mComment Create (0.1ms)[0m   [0mINSERT INTO `comments` (`submitted_id`, `created_at`, `updated_at`, `text`, `target_it`) VALUES(NULL, '2009-09-14 12:48:17', '2009-09-14 12:48:17', '××¦×—×™×§', NULL)[0m
  [4;36;1mSQL (23.4ms)[0m   [0;1mCOMMIT[0m
  [4;35;1mSQL (0.0ms)[0m   [0mBEGIN[0m
  [4;36;1mComment Create (0.1ms)[0m   [0;1mINSERT INTO `comments` (`submitted_id`, `created_at`, `updated_at`, `text`, `target_it`) VALUES(NULL, '2009-09-14 12:48:17', '2009-09-14 12:48:17', '××ª× ×©×', NULL)[0m
  [4;35;1mSQL (23.5ms)[0m   [0mCOMMIT[0m
  [4;36;1mSQL (0.0ms)[0m   [0;1mBEGIN[0m
  [4;35;1mComment Create (0.1ms)[0m   [0mINSERT INTO `comments` (`submitted_id`, `created_at`, `updated_at`, `text`, `target_it`) VALUES(NULL, '2009-09-14 12:48:17', '2009-09-14 12:48:17', '×™×œ×“ ×‘× ×¤×©×•', NULL)[0m
  [4;36;1mSQL (23.7ms)[0m   [0;1mCOMMIT[0m
  [4;35;1mSQL (0.0ms)[0m   [0mBEGIN[0m
  [4;36;1mComment Create (0.1ms)[0m   [0;1mINSERT INTO `comments` (`submitted_id`, `created_at`, `updated_at`, `text`, `target_it`) VALUES(NULL, '2009-09-14 12:48:17', '2009-09-14 12:48:17', '××¦×—×™×§', NULL)[0m
  [4;35;1mSQL (23.5ms)[0m   [0mCOMMIT[0m
  [4;36;1mSQL (0.0ms)[0m   [0;1mBEGIN[0m
  [4;35;1mComment Create (0.1ms)[0m   [0mINSERT INTO `comments` (`submitted_id`, `created_at`, `updated_at`, `text`, `target_it`) VALUES(NULL, '2009-09-14 12:48:17', '2009-09-14 12:48:17', '×™×œ×“ ×‘× ×¤×©×•', NULL)[0m
  [4;36;1mSQL (23.8ms)[0m   [0;1mCOMMIT[0m
  [4;35;1mSQL (0.0ms)[0m   [0mBEGIN[0m
  [4;36;1mComment Create (0.1ms)[0m   [0;1mINSERT INTO `comments` (`submitted_id`, `created_at`, `updated_at`, `text`, `target_it`) VALUES(NULL, '2009-09-14 12:48:17', '2009-09-14 12:48:17', '××‘×¨×™×§', NULL)[0m
  [4;35;1mSQL (40.1ms)[0m   [0mCOMMIT[0m
  [4;36;1mSQL (0.0ms)[0m   [0;1mBEGIN[0m
  [4;35;1mComment Create (0.1ms)[0m   [0mINSERT INTO `comments` (`submitted_id`, `created_at`, `updated_at`, `text`, `target_it`) VALUES(NULL, '2009-09-14 12:48:18', '2009-09-14 12:48:18', '×¨×¦×™× ×™ ×××•×“', NULL)[0m
  [4;36;1mSQL (29.8ms)[0m   [0;1mCOMMIT[0m
  [4;35;1mSQL (0.0ms)[0m   [0mBEGIN[0m
  [4;36;1mComment Create (0.1ms)[0m   [0;1mINSERT INTO `comments` (`submitted_id`, `created_at`, `updated_at`, `text`, `target_it`) VALUES(NULL, '2009-09-14 12:48:18', '2009-09-14 12:48:18', '×—×™×™×‘ ×œ××¦×•× ×‘×ª ×–×•×’', NULL)[0m
  [4;35;1mSQL (33.9ms)[0m   [0mCOMMIT[0m
  [4;36;1mSQL (0.1ms)[0m   [0;1mBEGIN[0m
  [4;35;1mComment Create (0.2ms)[0m   [0mINSERT INTO `comments` (`submitted_id`, `created_at`, `updated_at`, `text`, `target_it`) VALUES(NULL, '2009-09-14 12:48:18', '2009-09-14 12:48:18', '×œ× ×©×’×¨×ª×™', NULL)[0m
  [4;36;1mSQL (55.0ms)[0m   [0;1mCOMMIT[0m
  [4;35;1mSQL (0.0ms)[0m   [0mBEGIN[0m
  [4;36;1mComment Create (0.6ms)[0m   [0;1mINSERT INTO `comments` (`submitted_id`, `created_at`, `updated_at`, `text`, `target_it`) VALUES(NULL, '2009-09-14 12:48:18', '2009-09-14 12:48:18', '×¢×©×™×¨', NULL)[0m
  [4;35;1mSQL (32.5ms)[0m   [0mCOMMIT[0m
  [4;36;1mSQL (0.0ms)[0m   [0;1mBEGIN[0m
  [4;35;1mComment Create (0.1ms)[0m   [0mINSERT INTO `comments` (`submitted_id`, `created_at`, `updated_at`, `text`, `target_it`) VALUES(NULL, '2009-09-14 12:48:18', '2009-09-14 12:48:18', '×—×¤×¨×Ÿ', NULL)[0m
  [4;36;1mSQL (31.8ms)[0m   [0;1mCOMMIT[0m
  [4;35;1mSQL (0.0ms)[0m   [0mBEGIN[0m
  [4;36;1mComment Create (0.1ms)[0m   [0;1mINSERT INTO `comments` (`submitted_id`, `created_at`, `updated_at`, `text`, `target_it`) VALUES(NULL, '2009-09-14 12:48:18', '2009-09-14 12:48:18', '××©×§×™×¢×Ÿ', NULL)[0m
  [4;35;1mSQL (31.8ms)[0m   [0mCOMMIT[0m
  [4;36;1mSQL (0.0ms)[0m   [0;1mBEGIN[0m
  [4;35;1mComment Create (0.1ms)[0m   [0mINSERT INTO `comments` (`submitted_id`, `created_at`, `updated_at`, `text`, `target_it`) VALUES(NULL, '2009-09-14 12:48:18', '2009-09-14 12:48:18', '×™×©×™×¨', NULL)[0m
  [4;36;1mSQL (31.2ms)[0m   [0;1mCOMMIT[0m
  [4;35;1mSQL (0.0ms)[0m   [0mBEGIN[0m
  [4;36;1mComment Create (0.1ms)[0m   [0;1mINSERT INTO `comments` (`submitted_id`, `created_at`, `updated_at`, `text`, `target_it`) VALUES(NULL, '2009-09-14 12:48:18', '2009-09-14 12:48:18', '××¢×¦×‘×Ÿ', NULL)[0m
  [4;35;1mSQL (48.3ms)[0m   [0mCOMMIT[0m
  [4;36;1mSQL (0.0ms)[0m   [0;1mBEGIN[0m
  [4;35;1mComment Create (0.1ms)[0m   [0mINSERT INTO `comments` (`submitted_id`, `created_at`, `updated_at`, `text`, `target_it`) VALUES(NULL, '2009-09-14 12:48:18', '2009-09-14 12:48:18', '××¨×•×‘×¢', NULL)[0m
  [4;36;1mSQL (31.7ms)[0m   [0;1mCOMMIT[0m
  [4;35;1mSQL (0.0ms)[0m   [0mBEGIN[0m
  [4;36;1mComment Create (0.1ms)[0m   [0;1mINSERT INTO `comments` (`submitted_id`, `created_at`, `updated_at`, `text`, `target_it`) VALUES(NULL, '2009-09-14 12:48:18', '2009-09-14 12:48:18', '×ª××™×', NULL)[0m
  [4;35;1mSQL (31.6ms)[0m   [0mCOMMIT[0m
  [4;36;1mSQL (0.0ms)[0m   [0;1mBEGIN[0m
  [4;35;1mComment Create (0.1ms)[0m   [0mINSERT INTO `comments` (`submitted_id`, `created_at`, `updated_at`, `text`, `target_it`) VALUES(NULL, '2009-09-14 12:48:18', '2009-09-14 12:48:18', '×–×™×™×Ÿ', NULL)[0m
  [4;36;1mSQL (31.8ms)[0m   [0;1mCOMMIT[0m
  [4;35;1mSQL (0.0ms)[0m   [0mBEGIN[0m
  [4;36;1mComment Create (0.1ms)[0m   [0;1mINSERT INTO `comments` (`submitted_id`, `created_at`, `updated_at`, `text`, `target_it`) VALUES(NULL, '2009-09-14 12:48:18', '2009-09-14 12:48:18', '××¢×¦×‘×Ÿ', NULL)[0m
  [4;35;1mSQL (31.8ms)[0m   [0mCOMMIT[0m
  [4;36;1mSQL (0.0ms)[0m   [0;1mBEGIN[0m
  [4;35;1mComment Create (0.1ms)[0m   [0mINSERT INTO `comments` (`submitted_id`, `created_at`, `updated_at`, `text`, `target_it`) VALUES(NULL, '2009-09-14 12:48:18', '2009-09-14 12:48:18', '×¡×ª×•×', NULL)[0m
  [4;36;1mSQL (31.8ms)[0m   [0;1mCOMMIT[0m
  [4;35;1mSQL (0.0ms)[0m   [0mBEGIN[0m
  [4;36;1mComment Create (0.1ms)[0m   [0;1mINSERT INTO `comments` (`submitted_id`, `created_at`, `updated_at`, `text`, `target_it`) VALUES(NULL, '2009-09-14 12:48:18', '2009-09-14 12:48:18', '×œ× ××›×™×¨×” ××¡×¤×™×§', NULL)[0m
  [4;35;1mSQL (31.8ms)[0m   [0mCOMMIT[0m
  [4;36;1mSQL (0.0ms)[0m   [0;1mBEGIN[0m
  [4;35;1mComment Create (0.1ms)[0m   [0mINSERT INTO `comments` (`submitted_id`, `created_at`, `updated_at`, `text`, `target_it`) VALUES(NULL, '2009-09-14 12:48:18', '2009-09-14 12:48:18', '××¢×¦×‘×Ÿ', NULL)[0m
  [4;36;1mSQL (31.6ms)[0m   [0;1mCOMMIT[0m
  [4;35;1mSQL (0.0ms)[0m   [0mBEGIN[0m
  [4;36;1mComment Create (0.1ms)[0m   [0;1mINSERT INTO `comments` (`submitted_id`, `created_at`, `updated_at`, `text`, `target_it`) VALUES(NULL, '2009-09-14 12:48:18', '2009-09-14 12:48:18', '×—×™×™×‘ ×œ××¦×•× ×‘×ª ×–×•×’', NULL)[0m
  [4;35;1mSQL (31.3ms)[0m   [0mCOMMIT[0m
  [4;36;1mSQL (0.0ms)[0m   [0;1mBEGIN[0m
  [4;35;1mComment Create (0.1ms)[0m   [0mINSERT INTO `comments` (`submitted_id`, `created_at`, `updated_at`, `text`, `target_it`) VALUES(NULL, '2009-09-14 12:48:18', '2009-09-14 12:48:18', '××¨×•×‘×¢', NULL)[0m
  [4;36;1mSQL (31.4ms)[0m   [0;1mCOMMIT[0m
  [4;35;1mSQL (0.0ms)[0m   [0mBEGIN[0m
  [4;36;1mComment Create (0.1ms)[0m   [0;1mINSERT INTO `comments` (`submitted_id`, `created_at`, `updated_at`, `text`, `target_it`) VALUES(NULL, '2009-09-14 12:48:18', '2009-09-14 12:48:18', '×˜×™×¤×©', NULL)[0m
  [4;35;1mSQL (32.0ms)[0m   [0mCOMMIT[0m
  [4;36;1mSQL (0.0ms)[0m   [0;1mBEGIN[0m
  [4;35;1mComment Create (0.1ms)[0m   [0mINSERT INTO `comments` (`submitted_id`, `created_at`, `updated_at`, `text`, `target_it`) VALUES(NULL, '2009-09-14 12:48:18', '2009-09-14 12:48:18', '×¦×¨ ×¢×•×œ××• ×›×¢×•×œ× × ××œ×”', NULL)[0m
  [4;36;1mSQL (31.8ms)[0m   [0;1mCOMMIT[0m
  [4;35;1mSQL (0.0ms)[0m   [0mBEGIN[0m
  [4;36;1mComment Create (0.1ms)[0m   [0;1mINSERT INTO `comments` (`submitted_id`, `created_at`, `updated_at`, `text`, `target_it`) VALUES(NULL, '2009-09-14 12:48:18', '2009-09-14 12:48:18', '×—×›×', NULL)[0m
  [4;35;1mSQL (31.6ms)[0m   [0mCOMMIT[0m
  [4;36;1mSQL (0.0ms)[0m   [0;1mBEGIN[0m
  [4;35;1mComment Create (0.2ms)[0m   [0mINSERT INTO `comments` (`submitted_id`, `created_at`, `updated_at`, `text`, `target_it`) VALUES(NULL, '2009-09-14 12:48:18', '2009-09-14 12:48:18', '×™×©×™×¨', NULL)[0m
  [4;36;1mSQL (31.7ms)[0m   [0;1mCOMMIT[0m
  [4;35;1mSQL (0.0ms)[0m   [0mBEGIN[0m
  [4;36;1mComment Create (0.1ms)[0m   [0;1mINSERT INTO `comments` (`submitted_id`, `created_at`, `updated_at`, `text`, `target_it`) VALUES(NULL, '2009-09-14 12:48:18', '2009-09-14 12:48:18', '×‘×©×œ×Ÿ ××¢×•×œ×”', NULL)[0m
  [4;35;1mSQL (31.8ms)[0m   [0mCOMMIT[0m
  [4;36;1mSQL (0.0ms)[0m   [0;1mBEGIN[0m
  [4;35;1mComment Create (0.2ms)[0m   [0mINSERT INTO `comments` (`submitted_id`, `created_at`, `updated_at`, `text`, `target_it`) VALUES(NULL, '2009-09-14 12:48:18', '2009-09-14 12:48:18', '×‘×¢×œ ×—×©×™×‘×” ××§×•×¨×™×ª', NULL)[0m
  [4;36;1mSQL (31.9ms)[0m   [0;1mCOMMIT[0m
  [4;35;1mSQL (0.0ms)[0m   [0mBEGIN[0m
  [4;36;1mComment Create (0.1ms)[0m   [0;1mINSERT INTO `comments` (`submitted_id`, `created_at`, `updated_at`, `text`, `target_it`) VALUES(NULL, '2009-09-14 12:48:18', '2009-09-14 12:48:18', '×—××•× ××•×—', NULL)[0m
  [4;35;1mSQL (31.8ms)[0m   [0mCOMMIT[0m
  [4;36;1mSQL (0.0ms)[0m   [0;1mBEGIN[0m
  [4;35;1mComment Create (0.1ms)[0m   [0mINSERT INTO `comments` (`submitted_id`, `created_at`, `updated_at`, `text`, `target_it`) VALUES(NULL, '2009-09-14 12:48:18', '2009-09-14 12:48:18', '×‘×©×œ×Ÿ ××¢×•×œ×”', NULL)[0m
  [4;36;1mSQL (31.6ms)[0m   [0;1mCOMMIT[0m
  [4;35;1mSQL (0.0ms)[0m   [0mBEGIN[0m
  [4;36;1mComment Create (0.1ms)[0m   [0;1mINSERT INTO `comments` (`submitted_id`, `created_at`, `updated_at`, `text`, `target_it`) VALUES(NULL, '2009-09-14 12:48:18', '2009-09-14 12:48:18', '××œ×š ××œ×š', NULL)[0m
  [4;35;1mSQL (31.8ms)[0m   [0mCOMMIT[0m
  [4;36;1mSQL (0.0ms)[0m   [0;1mBEGIN[0m
  [4;35;1mComment Create (0.1ms)[0m   [0mINSERT INTO `comments` (`submitted_id`, `created_at`, `updated_at`, `text`, `target_it`) VALUES(NULL, '2009-09-14 12:48:18', '2009-09-14 12:48:18', '× ×•×“× ×™×§', NULL)[0m
  [4;36;1mSQL (31.9ms)[0m   [0;1mCOMMIT[0m
  [4;35;1mSQL (0.0ms)[0m   [0mBEGIN[0m
  [4;36;1mComment Create (0.1ms)[0m   [0;1mINSERT INTO `comments` (`submitted_id`, `created_at`, `updated_at`, `text`, `target_it`) VALUES(NULL, '2009-09-14 12:48:18', '2009-09-14 12:48:18', '×¡×§×¨×Ÿ', NULL)[0m
  [4;35;1mSQL (31.8ms)[0m   [0mCOMMIT[0m
  [4;36;1mSQL (0.0ms)[0m   [0;1mBEGIN[0m
  [4;35;1mComment Create (0.1ms)[0m   [0mINSERT INTO `comments` (`submitted_id`, `created_at`, `updated_at`, `text`, `target_it`) VALUES(NULL, '2009-09-14 12:48:19', '2009-09-14 12:48:19', '×¡×§×¨×Ÿ', NULL)[0m
  [4;36;1mSQL (31.9ms)[0m   [0;1mCOMMIT[0m
  [4;35;1mSQL (0.0ms)[0m   [0mBEGIN[0m
  [4;36;1mComment Create (0.1ms)[0m   [0;1mINSERT INTO `comments` (`submitted_id`, `created_at`, `updated_at`, `text`, `target_it`) VALUES(NULL, '2009-09-14 12:48:19', '2009-09-14 12:48:19', '×œ× ××›×™×¨ ××¡×¤×™×§', NULL)[0m
  [4;35;1mSQL (31.8ms)[0m   [0mCOMMIT[0m
  [4;36;1mSQL (0.0ms)[0m   [0;1mBEGIN[0m
  [4;35;1mComment Create (0.1ms)[0m   [0mINSERT INTO `comments` (`submitted_id`, `created_at`, `updated_at`, `text`, `target_it`) VALUES(NULL, '2009-09-14 12:48:19', '2009-09-14 12:48:19', '××œ×•×£ ×”×¡×¤××', NULL)[0m
  [4;36;1mSQL (31.8ms)[0m   [0;1mCOMMIT[0m
  [4;35;1mSQL (0.0ms)[0m   [0mBEGIN[0m
  [4;36;1mComment Create (0.1ms)[0m   [0;1mINSERT INTO `comments` (`submitted_id`, `created_at`, `updated_at`, `text`, `target_it`) VALUES(NULL, '2009-09-14 12:48:19', '2009-09-14 12:48:19', '××¦×—×™×§', NULL)[0m
  [4;35;1mSQL (31.9ms)[0m   [0mCOMMIT[0m
  [4;36;1mSQL (0.0ms)[0m   [0;1mBEGIN[0m
  [4;35;1mComment Create (0.1ms)[0m   [0mINSERT INTO `comments` (`submitted_id`, `created_at`, `updated_at`, `text`, `target_it`) VALUES(NULL, '2009-09-14 12:48:19', '2009-09-14 12:48:19', '×—×¤×¨×Ÿ', NULL)[0m
  [4;36;1mSQL (31.9ms)[0m   [0;1mCOMMIT[0m
  [4;35;1mSQL (0.0ms)[0m   [0mBEGIN[0m
  [4;36;1mComment Create (0.1ms)[0m   [0;1mINSERT INTO `comments` (`submitted_id`, `created_at`, `updated_at`, `text`, `target_it`) VALUES(NULL, '2009-09-14 12:48:19', '2009-09-14 12:48:19', '×œ× ××›×™×¨×” ××¡×¤×™×§', NULL)[0m
  [4;35;1mSQL (31.6ms)[0m   [0mCOMMIT[0m
  [4;36;1mSQL (0.0ms)[0m   [0;1mBEGIN[0m
  [4;35;1mComment Create (0.1ms)[0m   [0mINSERT INTO `comments` (`submitted_id`, `created_at`, `updated_at`, `text`, `target_it`) VALUES(NULL, '2009-09-14 12:48:19', '2009-09-14 12:48:19', '×™×¦×™×¨×ª×™', NULL)[0m
  [4;36;1mSQL (32.0ms)[0m   [0;1mCOMMIT[0m
  [4;35;1mSQL (0.0ms)[0m   [0mBEGIN[0m
  [4;36;1mComment Create (0.3ms)[0m   [0;1mINSERT INTO `comments` (`submitted_id`, `created_at`, `updated_at`, `text`, `target_it`) VALUES(NULL, '2009-09-14 12:48:19', '2009-09-14 12:48:19', '×™×œ×“×•×ª×™', NULL)[0m
  [4;35;1mSQL (31.4ms)[0m   [0mCOMMIT[0m
  [4;36;1mSQL (0.0ms)[0m   [0;1mBEGIN[0m
  [4;35;1mComment Create (0.1ms)[0m   [0mINSERT INTO `comments` (`submitted_id`, `created_at`, `updated_at`, `text`, `target_it`) VALUES(NULL, '2009-09-14 12:48:19', '2009-09-14 12:48:19', '×§×©×•×‘', NULL)[0m
  [4;36;1mSQL (31.8ms)[0m   [0;1mCOMMIT[0m
  [4;35;1mSQL (0.0ms)[0m   [0mBEGIN[0m
  [4;36;1mComment Create (0.1ms)[0m   [0;1mINSERT INTO `comments` (`submitted_id`, `created_at`, `updated_at`, `text`, `target_it`) VALUES(NULL, '2009-09-14 12:48:19', '2009-09-14 12:48:19', '×¨×™×§× ×™', NULL)[0m
  [4;35;1mSQL (32.0ms)[0m   [0mCOMMIT[0m
  [4;36;1mSQL (0.0ms)[0m   [0;1mBEGIN[0m
  [4;35;1mComment Create (0.1ms)[0m   [0mINSERT INTO `comments` (`submitted_id`, `created_at`, `updated_at`, `text`, `target_it`) VALUES(NULL, '2009-09-14 12:48:19', '2009-09-14 12:48:19', '×œ× ××›×™×¨ ××¡×¤×™×§', NULL)[0m
  [4;36;1mSQL (32.0ms)[0m   [0;1mCOMMIT[0m
  [4;35;1mSQL (0.0ms)[0m   [0mBEGIN[0m
  [4;36;1mComment Create (0.1ms)[0m   [0;1mINSERT INTO `comments` (`submitted_id`, `created_at`, `updated_at`, `text`, `target_it`) VALUES(NULL, '2009-09-14 12:48:19', '2009-09-14 12:48:19', '××¦×—×™×§', NULL)[0m
  [4;35;1mSQL (31.7ms)[0m   [0mCOMMIT[0m
  [4;36;1mSQL (0.0ms)[0m   [0;1mBEGIN[0m
  [4;35;1mComment Create (0.1ms)[0m   [0mINSERT INTO `comments` (`submitted_id`, `created_at`, `updated_at`, `text`, `target_it`) VALUES(NULL, '2009-09-14 12:48:19', '2009-09-14 12:48:19', '×–×™×™×Ÿ', NULL)[0m
  [4;36;1mSQL (31.8ms)[0m   [0;1mCOMMIT[0m
  [4;35;1mSQL (0.0ms)[0m   [0mBEGIN[0m
  [4;36;1mComment Create (0.1ms)[0m   [0;1mINSERT INTO `comments` (`submitted_id`, `created_at`, `updated_at`, `text`, `target_it`) VALUES(NULL, '2009-09-14 12:48:19', '2009-09-14 12:48:19', '×œ×‘ ×–×”×‘', NULL)[0m
  [4;35;1mSQL (32.0ms)[0m   [0mCOMMIT[0m
  [4;36;1mSQL (0.0ms)[0m   [0;1mBEGIN[0m
  [4;35;1mComment Create (0.1ms)[0m   [0mINSERT INTO `comments` (`submitted_id`, `created_at`, `updated_at`, `text`, `target_it`) VALUES(NULL, '2009-09-14 12:48:19', '2009-09-14 12:48:19', '×›×•×ª×‘ ×œ×¢× ×™×Ÿ', NULL)[0m
  [4;36;1mSQL (31.7ms)[0m   [0;1mCOMMIT[0m
  [4;35;1mSQL (0.0ms)[0m   [0mBEGIN[0m
  [4;36;1mComment Create (0.2ms)[0m   [0;1mINSERT INTO `comments` (`submitted_id`, `created_at`, `updated_at`, `text`, `target_it`) VALUES(NULL, '2009-09-14 12:48:19', '2009-09-14 12:48:19', '×˜×•×‘ ×œ×‘', NULL)[0m
  [4;35;1mSQL (31.9ms)[0m   [0mCOMMIT[0m
  [4;36;1mSQL (0.0ms)[0m   [0;1mBEGIN[0m
  [4;35;1mComment Create (0.1ms)[0m   [0mINSERT INTO `comments` (`submitted_id`, `created_at`, `updated_at`, `text`, `target_it`) VALUES(NULL, '2009-09-14 12:48:19', '2009-09-14 12:48:19', '×œ× ×©×’×¨×ª×™', NULL)[0m
  [4;36;1mSQL (32.0ms)[0m   [0;1mCOMMIT[0m
  [4;35;1mSQL (0.0ms)[0m   [0mBEGIN[0m
  [4;36;1mComment Create (0.1ms)[0m   [0;1mINSERT INTO `comments` (`submitted_id`, `created_at`, `updated_at`, `text`, `target_it`) VALUES(NULL, '2009-09-14 12:48:19', '2009-09-14 12:48:19', '××œ×•×£ ×”×¡×¤××', NULL)[0m
  [4;35;1mSQL (31.3ms)[0m   [0mCOMMIT[0m
  [4;36;1mSQL (33.2ms)[0m   [0;1mINSERT INTO schema_migrations (version) VALUES ('20090914123545')[0m
  [4;35;1mSQL (0.2ms)[0m   [0mSHOW TABLES[0m
  [4;36;1mSQL (0.1ms)[0m   [0;1mSELECT version FROM schema_migrations[0m
  [4;35;1mSQL (0.1ms)[0m   [0mSHOW TABLES[0m
  [4;36;1mSQL (0.4ms)[0m   [0;1mSHOW FIELDS FROM `comments`[0m
  [4;35;1mSQL (0.4ms)[0m   [0mdescribe `comments`[0m
  [4;36;1mSQL (0.2ms)[0m   [0;1mSHOW KEYS FROM `comments`[0m
  [4;35;1mSQL (0.4ms)[0m   [0mSHOW FIELDS FROM `users`[0m
  [4;36;1mSQL (0.4ms)[0m   [0;1mdescribe `users`[0m
  [4;35;1mSQL (0.1ms)[0m   [0mSHOW KEYS FROM `users`[0m
  [4;35;1mSQL (0.1ms)[0m   [0mSET NAMES 'utf8'[0m
  [4;36;1mSQL (0.0ms)[0m   [0;1mSET SQL_AUTO_IS_NULL=0[0m


Processing UsersController#index (for 127.0.0.1 at 2009-09-14 15:48:25) [GET]
  [4;35;1mUser Load (0.1ms)[0m   [0mSELECT * FROM `users` [0m
Rendering template within layouts/users
Rendering users/index
  [4;36;1mUser Columns (0.5ms)[0m   [0;1mSHOW FIELDS FROM `users`[0m
Completed in 39ms (View: 6, DB: 1) | 200 OK [http://localhost/Users]
